Build started 2016-10-05 오후 1:28:32.
     1>Project "C:\Users\Honser\OneDrive\2015-1\2015-1\자료구조\자료구조\HW2-나반-안홍서-20102265-2015-05-08-1500\opencvStart\opencvStart.vcxproj" on node 2 (build target(s)).
     1>InitializeBuildStatus:
         Touching "Debug\opencvStart.unsuccessfulbuild".
       ClCompile:
         All outputs are up-to-date.
         All outputs are up-to-date.
       ManifestResourceCompile:
         All outputs are up-to-date.
       Link:
         C:\Program Files (x86)\Microsoft Visual Studio 10.0\VC\bin\link.exe /ERRORREPORT:PROMPT /OUT:"C:\Users\Honser\OneDrive\2015-1\2015-1\자료구조\자료구조\HW2-나반-안홍서-20102265-2015-05-08-1500\Debug\opencvStart.exe" /INCREMENTAL /NOLOGO /LIBPATH:C:\OpenCV2.4.13\opencv\build\x86\vc12\lib opencv_calib3d2413d.lib opencv_contrib2413d.lib opencv_core2413d.lib opencv_features2d2413d.lib opencv_flann2413d.lib opencv_gpu2413d.lib opencv_highgui2413d.lib opencv_imgproc2413d.lib opencv_legacy2413d.lib opencv_ml2413d.lib opencv_nonfree2413d.lib opencv_objdetect2413d.lib opencv_photo2413d.lib opencv_stitching2413d.lib opencv_ts2413d.lib opencv_video2413d.lib opencv_videostab2413d.lib kernel32.lib user32.lib gdi32.lib winspool.lib comdlg32.lib advapi32.lib shell32.lib ole32.lib oleaut32.lib uuid.lib odbc32.lib odbccp32.lib /MANIFEST /ManifestFile:"Debug\opencvStart.exe.intermediate.manifest" /MANIFESTUAC:"level='asInvoker' uiAccess='false'" /DEBUG /PDB:"C:\Users\Honser\OneDrive\2015-1\2015-1\자료구조\자료구조\HW2-나반-안홍서-20102265-2015-05-08-1500\Debug\opencvStart.pdb" /SUBSYSTEM:CONSOLE /TLBID:1 /DYNAMICBASE /NXCOMPAT /IMPLIB:"C:\Users\Honser\OneDrive\2015-1\2015-1\자료구조\자료구조\HW2-나반-안홍서-20102265-2015-05-08-1500\Debug\opencvStart.lib" /MACHINE:X86 Debug\opencvStart.exe.embed.manifest.res
         Debug\HandGesture.obj
         Debug\MyImage.obj
         Debug\opencvStart.obj
         Debug\roi.obj
         Debug\stdafx.obj
     1>msvcprtd.lib(MSVCP100D.dll) : fatal error LNK1112: module machine type 'x64' conflicts with target machine type 'X86'
     1>Done Building Project "C:\Users\Honser\OneDrive\2015-1\2015-1\자료구조\자료구조\HW2-나반-안홍서-20102265-2015-05-08-1500\opencvStart\opencvStart.vcxproj" (build target(s)) -- FAILED.

Build FAILED.

Time Elapsed 00:00:00.40
